1603727957192	mozrunner::runner	INFO	Running command: "/usr/bin/firefox" "-marionette" "-foreground" "-no-remote" "-profile" "/tmp/rust_mozprofilen0kuB3"
console.warn: SearchSettings: "get: No settings file exists, new profile?" (new Error("", "(unknown module)"))
1603727960390	Marionette	INFO	Listening on port 46017
1603727960429	Marionette	WARN	TLS certificate errors will be ignored for this session
JavaScript warning: https://web.whatsapp.com/app.6633b6b495238dace76e.js, line 1: unreachable code after return statement
JavaScript warning: https://web.whatsapp.com/app.6633b6b495238dace76e.js, line 1: unreachable code after return statement
1603727984498	Marionette	INFO	Stopped listening on port 46017
1603733937539	mozrunner::runner	INFO	Running command: "/usr/bin/firefox" "-marionette" "-foreground" "-no-remote" "-profile" "/tmp/rust_mozprofileR25C1e"
console.warn: SearchSettings: "get: No settings file exists, new profile?" (new Error("", "(unknown module)"))
1603733940657	Marionette	INFO	Listening on port 33169
1603733940767	Marionette	WARN	TLS certificate errors will be ignored for this session
JavaScript error: resource://gre/modules/URIFixup.jsm, line 271: NS_ERROR_FAILURE: Should pass a non-null uri
console.error: Region.jsm: "Error fetching region" (new AbortError("The operation was aborted. ", (void 0), 697))
console.error: Region.jsm: "Failed to fetch region" (new Error("NO_RESULT", "resource://gre/modules/Region.jsm", 351))
JavaScript warning: https://web.whatsapp.com/app.6633b6b495238dace76e.js, line 1: unreachable code after return statement
JavaScript warning: https://web.whatsapp.com/app.6633b6b495238dace76e.js, line 1: unreachable code after return statement
1603733952553	Marionette	INFO	Stopped listening on port 33169
1603733964611	mozrunner::runner	INFO	Running command: "/usr/bin/firefox" "-marionette" "-foreground" "-no-remote" "-profile" "/tmp/rust_mozprofilenZreWX"
console.warn: SearchSettings: "get: No settings file exists, new profile?" (new Error("", "(unknown module)"))
1603733967362	Marionette	INFO	Listening on port 43673
1603733967471	Marionette	WARN	TLS certificate errors will be ignored for this session
console.error: Region.jsm: "Error fetching region" (new AbortError("The operation was aborted. ", (void 0), 697))
console.error: Region.jsm: "Failed to fetch region" (new Error("NO_RESULT", "resource://gre/modules/Region.jsm", 351))
JavaScript warning: https://web.whatsapp.com/app.6633b6b495238dace76e.js, line 1: unreachable code after return statement
JavaScript warning: https://web.whatsapp.com/app.6633b6b495238dace76e.js, line 1: unreachable code after return statement
1603734088885	Marionette	INFO	Stopped listening on port 43673
1603734092997	mozrunner::runner	INFO	Running command: "/usr/bin/firefox" "-marionette" "-foreground" "-no-remote" "-profile" "/tmp/rust_mozprofilehHhwyO"
console.warn: SearchSettings: "get: No settings file exists, new profile?" (new Error("", "(unknown module)"))
1603734096049	Marionette	INFO	Listening on port 36085
1603734096130	Marionette	WARN	TLS certificate errors will be ignored for this session
JavaScript error: resource://gre/modules/URIFixup.jsm, line 271: NS_ERROR_FAILURE: Should pass a non-null uri
JavaScript warning: https://web.whatsapp.com/app.6633b6b495238dace76e.js, line 1: unreachable code after return statement
JavaScript warning: https://web.whatsapp.com/app.6633b6b495238dace76e.js, line 1: unreachable code after return statement
1603734133957	Marionette	INFO	Stopped listening on port 36085
1603734240499	mozrunner::runner	INFO	Running command: "/usr/bin/firefox" "-marionette" "-foreground" "-no-remote" "-profile" "/tmp/rust_mozprofile5cKfVW"
console.warn: SearchSettings: "get: No settings file exists, new profile?" (new Error("", "(unknown module)"))
1603734243348	Marionette	INFO	Listening on port 40387
1603734243435	Marionette	WARN	TLS certificate errors will be ignored for this session
JavaScript error: resource://gre/modules/URIFixup.jsm, line 271: NS_ERROR_FAILURE: Should pass a non-null uri
JavaScript warning: https://web.whatsapp.com/app.6633b6b495238dace76e.js, line 1: unreachable code after return statement
JavaScript warning: https://web.whatsapp.com/app.6633b6b495238dace76e.js, line 1: unreachable code after return statement
1603734255667	mozrunner::runner	INFO	Running command: "/usr/bin/firefox" "-marionette" "-foreground" "-no-remote" "-profile" "/tmp/rust_mozprofileZF9vOH"
console.warn: SearchSettings: "get: No settings file exists, new profile?" (new Error("", "(unknown module)"))
1603734258833	Marionette	INFO	Listening on port 35055
1603734258902	Marionette	WARN	TLS certificate errors will be ignored for this session
1603734262685	Marionette	INFO	Stopped listening on port 40387
JavaScript error: resource://gre/modules/URIFixup.jsm, line 271: NS_ERROR_FAILURE: Should pass a non-null uri
JavaScript warning: https://web.whatsapp.com/app.6633b6b495238dace76e.js, line 1: unreachable code after return statement
JavaScript warning: https://web.whatsapp.com/app.6633b6b495238dace76e.js, line 1: unreachable code after return statement
Exiting due to channel error.
Exiting due to channel error.
Exiting due to channel error.
1603734310327	mozrunner::runner	INFO	Running command: "/usr/bin/firefox" "-marionette" "-foreground" "-no-remote" "-profile" "/tmp/rust_mozprofileA4RzDd"
console.warn: SearchSettings: "get: No settings file exists, new profile?" (new Error("", "(unknown module)"))
1603734313361	Marionette	INFO	Listening on port 37917
1603734313461	Marionette	WARN	TLS certificate errors will be ignored for this session
JavaScript error: resource://gre/modules/URIFixup.jsm, line 271: NS_ERROR_FAILURE: Should pass a non-null uri
Exiting due to channel error.
Exiting due to channel error.
Exiting due to channel error.
1603734321638	mozrunner::runner	INFO	Running command: "/usr/bin/firefox" "-marionette" "-foreground" "-no-remote" "-profile" "/tmp/rust_mozprofilezKb0O5"
console.warn: SearchSettings: "get: No settings file exists, new profile?" (new Error("", "(unknown module)"))
1603734324837	Marionette	INFO	Listening on port 39181
1603734324864	Marionette	WARN	TLS certificate errors will be ignored for this session
JavaScript error: resource://gre/modules/URIFixup.jsm, line 271: NS_ERROR_FAILURE: Should pass a non-null uri
JavaScript warning: https://web.whatsapp.com/app.6633b6b495238dace76e.js, line 1: unreachable code after return statement
JavaScript warning: https://web.whatsapp.com/app.6633b6b495238dace76e.js, line 1: unreachable code after return statement
1603734346534	Marionette	INFO	Stopped listening on port 39181
1603734425589	mozrunner::runner	INFO	Running command: "/usr/bin/firefox" "-marionette" "-foreground" "-no-remote" "-profile" "/tmp/rust_mozprofileF81DYd"
console.warn: SearchSettings: "get: No settings file exists, new profile?" (new Error("", "(unknown module)"))
1603734428260	Marionette	INFO	Listening on port 40117
1603734428318	Marionette	WARN	TLS certificate errors will be ignored for this session
JavaScript error: resource://gre/modules/URIFixup.jsm, line 271: NS_ERROR_FAILURE: Should pass a non-null uri
Exiting due to channel error.
Exiting due to channel error.
Exiting due to channel error.
1603734434297	mozrunner::runner	INFO	Running command: "/usr/bin/firefox" "-marionette" "-foreground" "-no-remote" "-profile" "/tmp/rust_mozprofilegb1qZo"
console.warn: SearchSettings: "get: No settings file exists, new profile?" (new Error("", "(unknown module)"))
1603734437267	Marionette	INFO	Listening on port 35671
1603734437330	Marionette	WARN	TLS certificate errors will be ignored for this session
JavaScript error: resource://gre/modules/URIFixup.jsm, line 271: NS_ERROR_FAILURE: Should pass a non-null uri
console.error: Region.jsm: "Error fetching region" (new AbortError("The operation was aborted. ", (void 0), 697))
console.error: Region.jsm: "Failed to fetch region" (new Error("NO_RESULT", "resource://gre/modules/Region.jsm", 351))
JavaScript warning: https://web.whatsapp.com/app.6633b6b495238dace76e.js, line 1: unreachable code after return statement
JavaScript warning: https://web.whatsapp.com/app.6633b6b495238dace76e.js, line 1: unreachable code after return statement
1603734455330	Marionette	INFO	Stopped listening on port 35671
1603734532251	mozrunner::runner	INFO	Running command: "/usr/bin/firefox" "-marionette" "-foreground" "-no-remote" "-profile" "/tmp/rust_mozprofileGlohET"
console.warn: SearchSettings: "get: No settings file exists, new profile?" (new Error("", "(unknown module)"))
1603734535123	Marionette	INFO	Listening on port 41487
1603734535230	Marionette	WARN	TLS certificate errors will be ignored for this session
JavaScript error: resource://gre/modules/URIFixup.jsm, line 271: NS_ERROR_FAILURE: Should pass a non-null uri
JavaScript warning: https://web.whatsapp.com/app.6633b6b495238dace76e.js, line 1: unreachable code after return statement
JavaScript warning: https://web.whatsapp.com/app.6633b6b495238dace76e.js, line 1: unreachable code after return statement
1603734547969	Marionette	INFO	Stopped listening on port 41487

###!!! [Parent][RunMessage] Error: Channel closing: too late to send/recv, messages will be lost


###!!! [Parent][RunMessage] Error: Channel closing: too late to send/recv, messages will be lost


###!!! [Parent][RunMessage] Error: Channel closing: too late to send/recv, messages will be lost

1603734621281	mozrunner::runner	INFO	Running command: "/usr/bin/firefox" "-marionette" "-foreground" "-no-remote" "-profile" "/tmp/rust_mozprofilelTXAD0"
console.warn: SearchSettings: "get: No settings file exists, new profile?" (new Error("", "(unknown module)"))
1603734624036	Marionette	INFO	Listening on port 37215
1603734624111	Marionette	WARN	TLS certificate errors will be ignored for this session
JavaScript error: resource://gre/modules/URIFixup.jsm, line 271: NS_ERROR_FAILURE: Should pass a non-null uri
console.error: Region.jsm: "Error fetching region" (new AbortError("The operation was aborted. ", (void 0), 697))
console.error: Region.jsm: "Failed to fetch region" (new Error("NO_RESULT", "resource://gre/modules/Region.jsm", 351))
JavaScript warning: https://web.whatsapp.com/app.6633b6b495238dace76e.js, line 1: unreachable code after return statement
JavaScript warning: https://web.whatsapp.com/app.6633b6b495238dace76e.js, line 1: unreachable code after return statement
Exiting due to channel error.
Exiting due to channel error.
Exiting due to channel error.
1603734678238	mozrunner::runner	INFO	Running command: "/usr/bin/firefox" "-marionette" "-foreground" "-no-remote" "-profile" "/tmp/rust_mozprofileBcIgoy"
console.warn: SearchSettings: "get: No settings file exists, new profile?" (new Error("", "(unknown module)"))
1603734680899	Marionette	INFO	Listening on port 42957
1603734680970	Marionette	WARN	TLS certificate errors will be ignored for this session
JavaScript error: resource://gre/modules/URIFixup.jsm, line 271: NS_ERROR_FAILURE: Should pass a non-null uri
JavaScript warning: https://web.whatsapp.com/app.6633b6b495238dace76e.js, line 1: unreachable code after return statement
JavaScript warning: https://web.whatsapp.com/app.6633b6b495238dace76e.js, line 1: unreachable code after return statement
1603734700979	Marionette	INFO	Stopped listening on port 42957
1603734762084	mozrunner::runner	INFO	Running command: "/usr/bin/firefox" "-marionette" "-foreground" "-no-remote" "-profile" "/tmp/rust_mozprofileoSPjck"
console.warn: SearchSettings: "get: No settings file exists, new profile?" (new Error("", "(unknown module)"))
1603734764993	Marionette	INFO	Listening on port 42883
1603734765119	Marionette	WARN	TLS certificate errors will be ignored for this session
JavaScript error: resource://gre/modules/URIFixup.jsm, line 271: NS_ERROR_FAILURE: Should pass a non-null uri
console.error: Region.jsm: "Error fetching region" (new AbortError("The operation was aborted. ", (void 0), 697))
console.error: Region.jsm: "Failed to fetch region" (new Error("NO_RESULT", "resource://gre/modules/Region.jsm", 351))
JavaScript warning: https://web.whatsapp.com/app.6633b6b495238dace76e.js, line 1: unreachable code after return statement
JavaScript warning: https://web.whatsapp.com/app.6633b6b495238dace76e.js, line 1: unreachable code after return statement
1603734792435	Marionette	INFO	Stopped listening on port 42883
1603734849166	mozrunner::runner	INFO	Running command: "/usr/bin/firefox" "-marionette" "-foreground" "-no-remote" "-profile" "/tmp/rust_mozprofilelKr7kU"
console.warn: SearchSettings: "get: No settings file exists, new profile?" (new Error("", "(unknown module)"))
1603734852359	Marionette	INFO	Listening on port 45009
1603734852399	Marionette	WARN	TLS certificate errors will be ignored for this session
JavaScript warning: https://web.whatsapp.com/app.6633b6b495238dace76e.js, line 1: unreachable code after return statement
JavaScript warning: https://web.whatsapp.com/app.6633b6b495238dace76e.js, line 1: unreachable code after return statement
1603734865539	Marionette	INFO	Stopped listening on port 45009
1603735691722	mozrunner::runner	INFO	Running command: "/usr/bin/firefox" "-marionette" "-foreground" "-no-remote" "-profile" "/tmp/rust_mozprofileS2rr49"
console.warn: SearchSettings: "get: No settings file exists, new profile?" (new Error("", "(unknown module)"))
1603735695102	Marionette	INFO	Listening on port 41375
1603735695151	Marionette	WARN	TLS certificate errors will be ignored for this session
JavaScript error: resource://gre/modules/URIFixup.jsm, line 271: NS_ERROR_FAILURE: Should pass a non-null uri
console.error: Region.jsm: "Error fetching region" (new AbortError("The operation was aborted. ", (void 0), 697))
console.error: Region.jsm: "Failed to fetch region" (new Error("NO_RESULT", "resource://gre/modules/Region.jsm", 351))
JavaScript warning: https://web.whatsapp.com/app.6633b6b495238dace76e.js, line 1: unreachable code after return statement
JavaScript warning: https://web.whatsapp.com/app.6633b6b495238dace76e.js, line 1: unreachable code after return statement
1603735705726	Marionette	INFO	Stopped listening on port 41375
1605050049381	mozrunner::runner	INFO	Running command: "/usr/bin/firefox" "-marionette" "-foreground" "-no-remote" "-profile" "/tmp/rust_mozprofileI7lWxx"
console.warn: SearchSettings: "get: No settings file exists, new profile?" (new Error("", "(unknown module)"))
1605050053853	Marionette	INFO	Listening on port 45677
1605050053959	Marionette	WARN	TLS certificate errors will be ignored for this session
JavaScript warning: https://web.whatsapp.com/app.4666d10327cd1dac6da3.js, line 1: unreachable code after return statement
JavaScript warning: https://web.whatsapp.com/app.4666d10327cd1dac6da3.js, line 1: unreachable code after return statement
1605050064393	Marionette	INFO	Stopped listening on port 45677
1605050161233	mozrunner::runner	INFO	Running command: "/usr/bin/firefox" "-marionette" "-foreground" "-no-remote" "-profile" "/tmp/rust_mozprofilexYhwhT"
console.warn: SearchSettings: "get: No settings file exists, new profile?" (new Error("", "(unknown module)"))
1605050164755	Marionette	INFO	Listening on port 39733
1605050164860	Marionette	WARN	TLS certificate errors will be ignored for this session
JavaScript error: resource://activity-stream/lib/ActivityStreamPrefs.jsm, line 27: NS_ERROR_ILLEGAL_VALUE: Component returned failure code: 0x80070057 (NS_ERROR_ILLEGAL_VALUE) [nsIPrefBranch.removeObserver]
console.error: "Could not load engine wikipedia@search.mozilla.org: Error: Attempt to use XPI database when it is not initialized"
console.error: "Could not load engine mercadolivre@search.mozilla.org: TypeError: AddonManagerInternal._getProviderByName(...) is undefined"
console.error: "Could not load engine bing@search.mozilla.org: TypeError: AddonManagerInternal._getProviderByName(...) is undefined"
console.error: "Could not load engine ddg@search.mozilla.org: TypeError: AddonManagerInternal._getProviderByName(...) is undefined"
console.warn: SearchService: "_init: abandoning init due to shutting down"
JavaScript error: resource://gre/modules/AsyncShutdown.jsm, line 554: uncaught exception: 2147500036
JavaScript error: resource://gre/modules/AsyncShutdown.jsm, line 554: uncaught exception: 2147500036
JavaScript error: resource://gre/modules/AsyncShutdown.jsm, line 554: uncaught exception: 2147500036
JavaScript error: resource://gre/modules/AsyncShutdown.jsm, line 554: uncaught exception: 2147500036
JavaScript error: resource://gre/modules/AsyncShutdown.jsm, line 554: uncaught exception: 2147500036
JavaScript error: resource://gre/modules/AsyncShutdown.jsm, line 554: uncaught exception: 2147500036
1605050168168	Marionette	INFO	Stopped listening on port 39733
1605050220302	mozrunner::runner	INFO	Running command: "/usr/bin/firefox" "-marionette" "-foreground" "-no-remote" "-profile" "/tmp/rust_mozprofile7s5ePL"
console.warn: SearchSettings: "get: No settings file exists, new profile?" (new Error("", "(unknown module)"))
1605050223840	Marionette	INFO	Listening on port 41729
1605050223931	Marionette	WARN	TLS certificate errors will be ignored for this session
JavaScript warning: https://web.whatsapp.com/app.4666d10327cd1dac6da3.js, line 1: unreachable code after return statement
JavaScript warning: https://web.whatsapp.com/app.4666d10327cd1dac6da3.js, line 1: unreachable code after return statement
Exiting due to channel error.
Exiting due to channel error.
Exiting due to channel error.
1605050326206	mozrunner::runner	INFO	Running command: "/usr/bin/firefox" "-marionette" "-foreground" "-no-remote" "-profile" "/tmp/rust_mozprofileJgejE8"
console.warn: SearchSettings: "get: No settings file exists, new profile?" (new Error("", "(unknown module)"))
1605050329901	Marionette	INFO	Listening on port 33533
1605050329941	Marionette	WARN	TLS certificate errors will be ignored for this session
JavaScript warning: https://web.whatsapp.com/app.4666d10327cd1dac6da3.js, line 1: unreachable code after return statement
JavaScript warning: https://web.whatsapp.com/app.4666d10327cd1dac6da3.js, line 1: unreachable code after return statement
JavaScript error: resource://gre/modules/UrlClassifierListManager.jsm, line 691: TypeError: this.tablesData[table] is undefined
1605050418963	mozrunner::runner	INFO	Running command: "/usr/bin/firefox" "-marionette" "-foreground" "-no-remote" "-profile" "/tmp/rust_mozprofileXqVjPt"
console.warn: SearchSettings: "get: No settings file exists, new profile?" (new Error("", "(unknown module)"))
1605050422245	Marionette	INFO	Listening on port 37879
1605050422301	Marionette	WARN	TLS certificate errors will be ignored for this session
JavaScript warning: https://web.whatsapp.com/app.4666d10327cd1dac6da3.js, line 1: unreachable code after return statement
JavaScript warning: https://web.whatsapp.com/app.4666d10327cd1dac6da3.js, line 1: unreachable code after return statement
1605050431597	Marionette	INFO	Stopped listening on port 37879
